Kapda/android/app/build/intermediates/manifest_merge_blame_file/release/manifest-merger-blame-release-report.txt
1<?xml version="1.0" encoding="utf-8"?>
2<manifest xmlns:android="http://schemas.android.com/apk/res/android"
3    package="com.kapda"
4    android:versionCode="1"
5    android:versionName="1.0" >
6
7    <uses-sdk
8        android:minSdkVersion="21"
8-->src\main\AndroidManifest.xml
9        android:targetSdkVersion="33" />
9-->src\main\AndroidManifest.xml
10
11    <uses-permission android:name="android.permission.INTERNET" />
11-->src\main\AndroidManifest.xml:3:5-67
11-->src\main\AndroidManifest.xml:3:22-64
12    <uses-permission android:name="android.permission.ACCESS_FINE_LOCATION" />
12-->src\main\AndroidManifest.xml:5:5-79
12-->src\main\AndroidManifest.xml:5:22-76
13    <uses-permission android:name="android.permission.ACCESS_COARSE_LOCATION" />
13-->src\main\AndroidManifest.xml:6:1-77
13-->src\main\AndroidManifest.xml:6:18-74
14    <uses-permission android:name="android.permission.READ_EXTERNAL_STORAGE" />
14-->src\main\AndroidManifest.xml:7:1-76
14-->src\main\AndroidManifest.xml:7:18-73
15    <uses-permission android:name="android.permission.WAKE_LOCK" />
15-->[:react-native-firebase_auth] AndroidManifest.xml:8:5-68
15-->[:react-native-firebase_auth] AndroidManifest.xml:8:22-65
16    <uses-permission android:name="android.permission.ACCESS_NETWORK_STATE" />
16-->[:react-native-firebase_auth] AndroidManifest.xml:9:5-79
16-->[:react-native-firebase_auth] AndroidManifest.xml:9:22-76
17    <uses-permission android:name="android.permission.POST_NOTIFICATIONS" /> <!-- Required by older versions of Google Play services to create IID tokens -->
17-->[com.google.firebase:firebase-messaging:23.4.0] AndroidManifest.xml:23:5-77
17-->[com.google.firebase:firebase-messaging:23.4.0] AndroidManifest.xml:23:22-74
18    <uses-permission android:name="com.google.android.c2dm.permission.RECEIVE" />
18-->[com.google.firebase:firebase-messaging:23.4.0] AndroidManifest.xml:26:5-82
18-->[com.google.firebase:firebase-messaging:23.4.0] AndroidManifest.xml:26:22-79
19
20    <uses-feature
20-->[com.google.android.gms:play-services-maps:18.0.2] AndroidManifest.xml:26:5-28:35
21        android:glEsVersion="0x00020000"
21-->[com.google.android.gms:play-services-maps:18.0.2] AndroidManifest.xml:27:9-41
22        android:required="true" />
22-->[com.google.android.gms:play-services-maps:18.0.2] AndroidManifest.xml:28:9-32
23
24    <queries>
24-->[com.google.android.gms:play-services-maps:18.0.2] AndroidManifest.xml:30:5-34:15
25
26        <!-- Needs to be explicitly declared on Android R+ -->
27        <package android:name="com.google.android.apps.maps" />
27-->[com.google.android.gms:play-services-maps:18.0.2] AndroidManifest.xml:33:9-64
27-->[com.google.android.gms:play-services-maps:18.0.2] AndroidManifest.xml:33:18-61
28    </queries>
29
30    <uses-permission android:name="android.permission.RECEIVE_BOOT_COMPLETED" />
30-->[androidx.work:work-runtime:2.7.1] AndroidManifest.xml:27:5-81
30-->[androidx.work:work-runtime:2.7.1] AndroidManifest.xml:27:22-78
31    <uses-permission android:name="android.permission.FOREGROUND_SERVICE" /> <!-- for android -->
31-->[androidx.work:work-runtime:2.7.1] AndroidManifest.xml:28:5-77
31-->[androidx.work:work-runtime:2.7.1] AndroidManifest.xml:28:22-74
32    <!-- <uses-permission android:name="com.android.launcher.permission.READ_SETTINGS"/> -->
33    <!-- <uses-permission android:name="com.android.launcher.permission.WRITE_SETTINGS"/> -->
34    <!-- <uses-permission android:name="com.android.launcher.permission.INSTALL_SHORTCUT" /> -->
35    <!-- <uses-permission android:name="com.android.launcher.permission.UNINSTALL_SHORTCUT" /> -->
36    <!-- for Samsung -->
37    <uses-permission android:name="com.sec.android.provider.badge.permission.READ" />
37-->[me.leolin:ShortcutBadger:1.1.22] AndroidManifest.xml:19:5-86
37-->[me.leolin:ShortcutBadger:1.1.22] AndroidManifest.xml:19:22-83
38    <uses-permission android:name="com.sec.android.provider.badge.permission.WRITE" /> <!-- for htc -->
38-->[me.leolin:ShortcutBadger:1.1.22] AndroidManifest.xml:20:5-87
38-->[me.leolin:ShortcutBadger:1.1.22] AndroidManifest.xml:20:22-84
39    <uses-permission android:name="com.htc.launcher.permission.READ_SETTINGS" />
39-->[me.leolin:ShortcutBadger:1.1.22] AndroidManifest.xml:23:5-81
39-->[me.leolin:ShortcutBadger:1.1.22] AndroidManifest.xml:23:22-78
40    <uses-permission android:name="com.htc.launcher.permission.UPDATE_SHORTCUT" /> <!-- for sony -->
40-->[me.leolin:ShortcutBadger:1.1.22] AndroidManifest.xml:24:5-83
40-->[me.leolin:ShortcutBadger:1.1.22] AndroidManifest.xml:24:22-80
41    <uses-permission android:name="com.sonyericsson.home.permission.BROADCAST_BADGE" />
41-->[me.leolin:ShortcutBadger:1.1.22] AndroidManifest.xml:27:5-88
41-->[me.leolin:ShortcutBadger:1.1.22] AndroidManifest.xml:27:22-85
42    <uses-permission android:name="com.sonymobile.home.permission.PROVIDER_INSERT_BADGE" /> <!-- for apex -->
42-->[me.leolin:ShortcutBadger:1.1.22] AndroidManifest.xml:28:5-92
42-->[me.leolin:ShortcutBadger:1.1.22] AndroidManifest.xml:28:22-89
43    <uses-permission android:name="com.anddoes.launcher.permission.UPDATE_COUNT" /> <!-- for solid -->
43-->[me.leolin:ShortcutBadger:1.1.22] AndroidManifest.xml:31:5-84
43-->[me.leolin:ShortcutBadger:1.1.22] AndroidManifest.xml:31:22-81
44    <uses-permission android:name="com.majeur.launcher.permission.UPDATE_BADGE" /> <!-- for huawei -->
44-->[me.leolin:ShortcutBadger:1.1.22] AndroidManifest.xml:34:5-83
44-->[me.leolin:ShortcutBadger:1.1.22] AndroidManifest.xml:34:22-80
45    <uses-permission android:name="com.huawei.android.launcher.permission.CHANGE_BADGE" />
45-->[me.leolin:ShortcutBadger:1.1.22] AndroidManifest.xml:37:5-91
45-->[me.leolin:ShortcutBadger:1.1.22] AndroidManifest.xml:37:22-88
46    <uses-permission android:name="com.huawei.android.launcher.permission.READ_SETTINGS" />
46-->[me.leolin:ShortcutBadger:1.1.22] AndroidManifest.xml:38:5-92
46-->[me.leolin:ShortcutBadger:1.1.22] AndroidManifest.xml:38:22-89
47    <uses-permission android:name="com.huawei.android.launcher.permission.WRITE_SETTINGS" /> <!-- for ZUK -->
47-->[me.leolin:ShortcutBadger:1.1.22] AndroidManifest.xml:39:5-93
47-->[me.leolin:ShortcutBadger:1.1.22] AndroidManifest.xml:39:22-90
48    <uses-permission android:name="android.permission.READ_APP_BADGE" /> <!-- for OPPO -->
48-->[me.leolin:ShortcutBadger:1.1.22] AndroidManifest.xml:42:5-73
48-->[me.leolin:ShortcutBadger:1.1.22] AndroidManifest.xml:42:22-70
49    <uses-permission android:name="com.oppo.launcher.permission.READ_SETTINGS" />
49-->[me.leolin:ShortcutBadger:1.1.22] AndroidManifest.xml:45:5-82
49-->[me.leolin:ShortcutBadger:1.1.22] AndroidManifest.xml:45:22-79
50    <uses-permission android:name="com.oppo.launcher.permission.WRITE_SETTINGS" /> <!-- for EvMe -->
50-->[me.leolin:ShortcutBadger:1.1.22] AndroidManifest.xml:46:5-83
50-->[me.leolin:ShortcutBadger:1.1.22] AndroidManifest.xml:46:22-80
51    <uses-permission android:name="me.everything.badger.permission.BADGE_COUNT_READ" />
51-->[me.leolin:ShortcutBadger:1.1.22] AndroidManifest.xml:49:5-88
51-->[me.leolin:ShortcutBadger:1.1.22] AndroidManifest.xml:49:22-85
52    <uses-permission android:name="me.everything.badger.permission.BADGE_COUNT_WRITE" />
52-->[me.leolin:ShortcutBadger:1.1.22] AndroidManifest.xml:50:5-89
52-->[me.leolin:ShortcutBadger:1.1.22] AndroidManifest.xml:50:22-86
53
54    <application
54-->src\main\AndroidManifest.xml:11:5-42:19
55        android:name="com.kapda.MainApplication"
55-->src\main\AndroidManifest.xml:12:7-38
56        android:allowBackup="false"
56-->src\main\AndroidManifest.xml:16:7-34
57        android:appComponentFactory="androidx.core.app.CoreComponentFactory"
57-->[androidx.core:core:1.7.0] AndroidManifest.xml:24:18-86
58        android:icon="@mipmap/ic_launcher"
58-->src\main\AndroidManifest.xml:14:7-41
59        android:label="@string/app_name"
59-->src\main\AndroidManifest.xml:13:7-39
60        android:roundIcon="@mipmap/ic_launcher_round"
60-->src\main\AndroidManifest.xml:15:7-52
61        android:theme="@style/AppTheme" >
61-->src\main\AndroidManifest.xml:17:7-38
62        <activity
62-->src\main\AndroidManifest.xml:18:7-29:18
63            android:name="com.kapda.MainActivity"
63-->src\main\AndroidManifest.xml:19:9-37
64            android:configChanges="keyboard|keyboardHidden|orientation|screenLayout|screenSize|smallestScreenSize|uiMode"
64-->src\main\AndroidManifest.xml:21:9-118
65            android:exported="true"
65-->src\main\AndroidManifest.xml:24:9-32
66            android:label="@string/app_name"
66-->src\main\AndroidManifest.xml:20:9-41
67            android:launchMode="singleTask"
67-->src\main\AndroidManifest.xml:22:9-40
68            android:windowSoftInputMode="adjustResize" >
68-->src\main\AndroidManifest.xml:23:9-51
69            <intent-filter>
69-->src\main\AndroidManifest.xml:25:9-28:25
70                <action android:name="android.intent.action.MAIN" />
70-->src\main\AndroidManifest.xml:26:13-65
70-->src\main\AndroidManifest.xml:26:21-62
71
72                <category android:name="android.intent.category.LAUNCHER" />
72-->src\main\AndroidManifest.xml:27:13-73
72-->src\main\AndroidManifest.xml:27:23-70
73            </intent-filter>
74        </activity>
75
76        <meta-data
76-->src\main\AndroidManifest.xml:30:7-32:45
77            android:name="com.google.android.geo.API_KEY"
77-->src\main\AndroidManifest.xml:31:3-48
78            android:value="YOUR_GOOGLE_MAPS_API_KEY" />
78-->src\main\AndroidManifest.xml:32:3-43
79
80        <service
80-->src\main\AndroidManifest.xml:34:3-40:15
81            android:name="com.kapda.java.MyFirebaseMessagingService"
81-->src\main\AndroidManifest.xml:35:9-56
82            android:exported="false" >
82-->src\main\AndroidManifest.xml:36:9-33
83            <intent-filter>
83-->src\main\AndroidManifest.xml:37:9-39:25
84                <action android:name="com.google.firebase.MESSAGING_EVENT" />
84-->src\main\AndroidManifest.xml:38:13-74
84-->src\main\AndroidManifest.xml:38:21-71
85            </intent-filter>
86        </service>
87        <service
87-->[:react-native-firebase_messaging] AndroidManifest.xml:12:9-14:40
88            android:name="io.invertase.firebase.messaging.ReactNativeFirebaseMessagingHeadlessService"
88-->[:react-native-firebase_messaging] AndroidManifest.xml:13:13-103
89            android:exported="false" />
89-->[:react-native-firebase_messaging] AndroidManifest.xml:14:13-37
90        <service
90-->[:react-native-firebase_messaging] AndroidManifest.xml:15:9-21:19
91            android:name="io.invertase.firebase.messaging.ReactNativeFirebaseMessagingService"
91-->[:react-native-firebase_messaging] AndroidManifest.xml:16:13-95
92            android:exported="false" >
92-->[:react-native-firebase_messaging] AndroidManifest.xml:17:13-37
93            <intent-filter>
93-->src\main\AndroidManifest.xml:37:9-39:25
94                <action android:name="com.google.firebase.MESSAGING_EVENT" />
94-->src\main\AndroidManifest.xml:38:13-74
94-->src\main\AndroidManifest.xml:38:21-71
95            </intent-filter>
96        </service>
97
98        <receiver
98-->[:react-native-firebase_messaging] AndroidManifest.xml:23:9-30:20
99            android:name="io.invertase.firebase.messaging.ReactNativeFirebaseMessagingReceiver"
99-->[:react-native-firebase_messaging] AndroidManifest.xml:24:13-96
100            android:exported="true"
100-->[:react-native-firebase_messaging] AndroidManifest.xml:25:13-36
101            android:permission="com.google.android.c2dm.permission.SEND" >
101-->[:react-native-firebase_messaging] AndroidManifest.xml:26:13-73
102            <intent-filter>
102-->[:react-native-firebase_messaging] AndroidManifest.xml:27:13-29:29
103                <action android:name="com.google.android.c2dm.intent.RECEIVE" />
103-->[:react-native-firebase_messaging] AndroidManifest.xml:28:17-81
103-->[:react-native-firebase_messaging] AndroidManifest.xml:28:25-78
104            </intent-filter>
105        </receiver>
106
107        <meta-data
107-->[:react-native-firebase_messaging] AndroidManifest.xml:32:9-34:36
108            android:name="firebase_messaging_auto_init_enabled"
108-->[:react-native-firebase_messaging] AndroidManifest.xml:33:13-64
109            android:value="true" />
109-->[:react-native-firebase_messaging] AndroidManifest.xml:34:13-33
110        <meta-data
110-->[:react-native-firebase_messaging] AndroidManifest.xml:35:9-37:32
111            android:name="com.google.firebase.messaging.default_notification_channel_id"
111-->[:react-native-firebase_messaging] AndroidManifest.xml:36:13-89
112            android:value="" />
112-->[:react-native-firebase_messaging] AndroidManifest.xml:37:13-29
113        <meta-data
113-->[:react-native-firebase_messaging] AndroidManifest.xml:38:9-40:47
114            android:name="com.google.firebase.messaging.default_notification_color"
114-->[:react-native-firebase_messaging] AndroidManifest.xml:39:13-84
115            android:resource="@color/white" />
115-->[:react-native-firebase_messaging] AndroidManifest.xml:40:13-44
116        <meta-data
116-->[:react-native-firebase_app] AndroidManifest.xml:9:9-11:36
117            android:name="app_data_collection_default_enabled"
117-->[:react-native-firebase_app] AndroidManifest.xml:10:13-63
118            android:value="true" />
118-->[:react-native-firebase_app] AndroidManifest.xml:11:13-33
119
120        <service
120-->[:react-native-firebase_app] AndroidManifest.xml:13:9-21:19
121            android:name="com.google.firebase.components.ComponentDiscoveryService"
121-->[:react-native-firebase_app] AndroidManifest.xml:14:13-84
122            android:directBootAware="true"
122-->[:react-native-firebase_app] AndroidManifest.xml:15:13-43
123            android:exported="false" >
123-->[:react-native-firebase_app] AndroidManifest.xml:16:13-37
124            <meta-data
124-->[:react-native-firebase_app] AndroidManifest.xml:18:13-20:85
125                android:name="com.google.firebase.components:io.invertase.firebase.app.ReactNativeFirebaseAppRegistrar"
125-->[:react-native-firebase_app] AndroidManifest.xml:19:17-120
126                android:value="com.google.firebase.components.ComponentRegistrar" />
126-->[:react-native-firebase_app] AndroidManifest.xml:20:17-82
127            <meta-data
127-->[com.google.firebase:firebase-messaging:23.4.0] AndroidManifest.xml:57:13-59:85
128                android:name="com.google.firebase.components:com.google.firebase.messaging.FirebaseMessagingKtxRegistrar"
128-->[com.google.firebase:firebase-messaging:23.4.0] AndroidManifest.xml:58:17-122
129                android:value="com.google.firebase.components.ComponentRegistrar" />
129-->[com.google.firebase:firebase-messaging:23.4.0] AndroidManifest.xml:59:17-82
130            <meta-data
130-->[com.google.firebase:firebase-messaging:23.4.0] AndroidManifest.xml:60:13-62:85
131                android:name="com.google.firebase.components:com.google.firebase.messaging.FirebaseMessagingRegistrar"
131-->[com.google.firebase:firebase-messaging:23.4.0] AndroidManifest.xml:61:17-119
132                android:value="com.google.firebase.components.ComponentRegistrar" />
132-->[com.google.firebase:firebase-messaging:23.4.0] AndroidManifest.xml:62:17-82
133            <meta-data
133-->[com.google.firebase:firebase-auth:22.3.0] AndroidManifest.xml:69:13-71:85
134                android:name="com.google.firebase.components:com.google.firebase.auth.FirebaseAuthRegistrar"
134-->[com.google.firebase:firebase-auth:22.3.0] AndroidManifest.xml:70:17-109
135                android:value="com.google.firebase.components.ComponentRegistrar" />
135-->[com.google.firebase:firebase-auth:22.3.0] AndroidManifest.xml:71:17-82
136            <meta-data
136-->[com.google.firebase:firebase-installations:17.2.0] AndroidManifest.xml:15:13-17:85
137                android:name="com.google.firebase.components:com.google.firebase.installations.FirebaseInstallationsKtxRegistrar"
137-->[com.google.firebase:firebase-installations:17.2.0] AndroidManifest.xml:16:17-130
138                android:value="com.google.firebase.components.ComponentRegistrar" />
138-->[com.google.firebase:firebase-installations:17.2.0] AndroidManifest.xml:17:17-82
139            <meta-data
139-->[com.google.firebase:firebase-installations:17.2.0] AndroidManifest.xml:18:13-20:85
140                android:name="com.google.firebase.components:com.google.firebase.installations.FirebaseInstallationsRegistrar"
140-->[com.google.firebase:firebase-installations:17.2.0] AndroidManifest.xml:19:17-127
141                android:value="com.google.firebase.components.ComponentRegistrar" />
141-->[com.google.firebase:firebase-installations:17.2.0] AndroidManifest.xml:20:17-82
142            <meta-data
142-->[com.google.firebase:firebase-common-ktx:20.4.2] AndroidManifest.xml:12:13-14:85
143                android:name="com.google.firebase.components:com.google.firebase.ktx.FirebaseCommonLegacyRegistrar"
143-->[com.google.firebase:firebase-common-ktx:20.4.2] AndroidManifest.xml:13:17-116
144                android:value="com.google.firebase.components.ComponentRegistrar" />
144-->[com.google.firebase:firebase-common-ktx:20.4.2] AndroidManifest.xml:14:17-82
145            <meta-data
145-->[com.google.firebase:firebase-common:20.4.2] AndroidManifest.xml:35:13-37:85
146                android:name="com.google.firebase.components:com.google.firebase.FirebaseCommonKtxRegistrar"
146-->[com.google.firebase:firebase-common:20.4.2] AndroidManifest.xml:36:17-109
147                android:value="com.google.firebase.components.ComponentRegistrar" />
147-->[com.google.firebase:firebase-common:20.4.2] AndroidManifest.xml:37:17-82
148            <meta-data
148-->[com.google.firebase:firebase-datatransport:18.1.7] AndroidManifest.xml:27:13-29:85
149                android:name="com.google.firebase.components:com.google.firebase.datatransport.TransportRegistrar"
149-->[com.google.firebase:firebase-datatransport:18.1.7] AndroidManifest.xml:28:17-115
150                android:value="com.google.firebase.components.ComponentRegistrar" />
150-->[com.google.firebase:firebase-datatransport:18.1.7] AndroidManifest.xml:29:17-82
151        </service>
152
153        <provider
153-->[:react-native-firebase_app] AndroidManifest.xml:23:9-27:38
154            android:name="io.invertase.firebase.app.ReactNativeFirebaseAppInitProvider"
154-->[:react-native-firebase_app] AndroidManifest.xml:24:13-88
155            android:authorities="com.kapda.reactnativefirebaseappinitprovider"
155-->[:react-native-firebase_app] AndroidManifest.xml:25:13-86
156            android:exported="false"
156-->[:react-native-firebase_app] AndroidManifest.xml:26:13-37
157            android:initOrder="99" />
157-->[:react-native-firebase_app] AndroidManifest.xml:27:13-35
158        <provider
158-->[:react-native-image-picker] AndroidManifest.xml:8:9-16:20
159            android:name="com.imagepicker.ImagePickerProvider"
159-->[:react-native-image-picker] AndroidManifest.xml:9:13-63
160            android:authorities="com.kapda.imagepickerprovider"
160-->[:react-native-image-picker] AndroidManifest.xml:10:13-71
161            android:exported="false"
161-->[:react-native-image-picker] AndroidManifest.xml:11:13-37
162            android:grantUriPermissions="true" >
162-->[:react-native-image-picker] AndroidManifest.xml:12:13-47
163            <meta-data
163-->[:react-native-image-picker] AndroidManifest.xml:13:13-15:70
164                android:name="android.support.FILE_PROVIDER_PATHS"
164-->[:react-native-image-picker] AndroidManifest.xml:14:17-67
165                android:resource="@xml/imagepicker_provider_paths" />
165-->[:react-native-image-picker] AndroidManifest.xml:15:17-67
166        </provider>
167
168        <receiver
168-->[com.google.firebase:firebase-messaging:23.4.0] AndroidManifest.xml:29:9-40:20
169            android:name="com.google.firebase.iid.FirebaseInstanceIdReceiver"
169-->[com.google.firebase:firebase-messaging:23.4.0] AndroidManifest.xml:30:13-78
170            android:exported="true"
170-->[com.google.firebase:firebase-messaging:23.4.0] AndroidManifest.xml:31:13-36
171            android:permission="com.google.android.c2dm.permission.SEND" >
171-->[com.google.firebase:firebase-messaging:23.4.0] AndroidManifest.xml:32:13-73
172            <intent-filter>
172-->[:react-native-firebase_messaging] AndroidManifest.xml:27:13-29:29
173                <action android:name="com.google.android.c2dm.intent.RECEIVE" />
173-->[:react-native-firebase_messaging] AndroidManifest.xml:28:17-81
173-->[:react-native-firebase_messaging] AndroidManifest.xml:28:25-78
174            </intent-filter>
175
176            <meta-data
176-->[com.google.firebase:firebase-messaging:23.4.0] AndroidManifest.xml:37:13-39:40
177                android:name="com.google.android.gms.cloudmessaging.FINISHED_AFTER_HANDLED"
177-->[com.google.firebase:firebase-messaging:23.4.0] AndroidManifest.xml:38:17-92
178                android:value="true" />
178-->[com.google.firebase:firebase-messaging:23.4.0] AndroidManifest.xml:39:17-37
179        </receiver>
180        <!--
181             FirebaseMessagingService performs security checks at runtime,
182             but set to not exported to explicitly avoid allowing another app to call it.
183        -->
184        <service
184-->[com.google.firebase:firebase-messaging:23.4.0] AndroidManifest.xml:46:9-53:19
185            android:name="com.google.firebase.messaging.FirebaseMessagingService"
185-->[com.google.firebase:firebase-messaging:23.4.0] AndroidManifest.xml:47:13-82
186            android:directBootAware="true"
186-->[com.google.firebase:firebase-messaging:23.4.0] AndroidManifest.xml:48:13-43
187            android:exported="false" >
187-->[com.google.firebase:firebase-messaging:23.4.0] AndroidManifest.xml:49:13-37
188            <intent-filter android:priority="-500" >
188-->src\main\AndroidManifest.xml:37:9-39:25
189                <action android:name="com.google.firebase.MESSAGING_EVENT" />
189-->src\main\AndroidManifest.xml:38:13-74
189-->src\main\AndroidManifest.xml:38:21-71
190            </intent-filter>
191        </service>
192
193        <activity
193-->[com.google.android.gms:play-services-auth:20.7.0] AndroidManifest.xml:23:9-27:75
194            android:name="com.google.android.gms.auth.api.signin.internal.SignInHubActivity"
194-->[com.google.android.gms:play-services-auth:20.7.0] AndroidManifest.xml:24:13-93
195            android:excludeFromRecents="true"
195-->[com.google.android.gms:play-services-auth:20.7.0] AndroidManifest.xml:25:13-46
196            android:exported="false"
196-->[com.google.android.gms:play-services-auth:20.7.0] AndroidManifest.xml:26:13-37
197            android:theme="@android:style/Theme.Translucent.NoTitleBar" />
197-->[com.google.android.gms:play-services-auth:20.7.0] AndroidManifest.xml:27:13-72
198        <!--
199            Service handling Google Sign-In user revocation. For apps that do not integrate with
200            Google Sign-In, this service will never be started.
201        -->
202        <service
202-->[com.google.android.gms:play-services-auth:20.7.0] AndroidManifest.xml:33:9-37:51
203            android:name="com.google.android.gms.auth.api.signin.RevocationBoundService"
203-->[com.google.android.gms:play-services-auth:20.7.0] AndroidManifest.xml:34:13-89
204            android:exported="true"
204-->[com.google.android.gms:play-services-auth:20.7.0] AndroidManifest.xml:35:13-36
205            android:permission="com.google.android.gms.auth.api.signin.permission.REVOCATION_NOTIFICATION"
205-->[com.google.android.gms:play-services-auth:20.7.0] AndroidManifest.xml:36:13-107
206            android:visibleToInstantApps="true" /> <!-- Needs to be explicitly declared on P+ -->
206-->[com.google.android.gms:play-services-auth:20.7.0] AndroidManifest.xml:37:13-48
207        <uses-library
207-->[com.google.android.gms:play-services-maps:18.0.2] AndroidManifest.xml:39:9-41:40
208            android:name="org.apache.http.legacy"
208-->[com.google.android.gms:play-services-maps:18.0.2] AndroidManifest.xml:40:13-50
209            android:required="false" />
209-->[com.google.android.gms:play-services-maps:18.0.2] AndroidManifest.xml:41:13-37
210
211        <activity
211-->[com.google.firebase:firebase-auth:22.3.0] AndroidManifest.xml:29:9-46:20
212            android:name="com.google.firebase.auth.internal.GenericIdpActivity"
212-->[com.google.firebase:firebase-auth:22.3.0] AndroidManifest.xml:30:13-80
213            android:excludeFromRecents="true"
213-->[com.google.firebase:firebase-auth:22.3.0] AndroidManifest.xml:31:13-46
214            android:exported="true"
214-->[com.google.firebase:firebase-auth:22.3.0] AndroidManifest.xml:32:13-36
215            android:launchMode="singleTask"
215-->[com.google.firebase:firebase-auth:22.3.0] AndroidManifest.xml:33:13-44
216            android:theme="@android:style/Theme.Translucent.NoTitleBar" >
216-->[com.google.firebase:firebase-auth:22.3.0] AndroidManifest.xml:34:13-72
217            <intent-filter>
217-->[com.google.firebase:firebase-auth:22.3.0] AndroidManifest.xml:35:13-45:29
218                <action android:name="android.intent.action.VIEW" />
218-->[com.google.firebase:firebase-auth:22.3.0] AndroidManifest.xml:36:17-69
218-->[com.google.firebase:firebase-auth:22.3.0] AndroidManifest.xml:36:25-66
219
220                <category android:name="android.intent.category.DEFAULT" />
220-->[com.google.firebase:firebase-auth:22.3.0] AndroidManifest.xml:38:17-76
220-->[com.google.firebase:firebase-auth:22.3.0] AndroidManifest.xml:38:27-73
221                <category android:name="android.intent.category.BROWSABLE" />
221-->[com.google.firebase:firebase-auth:22.3.0] AndroidManifest.xml:39:17-78
221-->[com.google.firebase:firebase-auth:22.3.0] AndroidManifest.xml:39:27-75
222
223                <data
223-->[com.google.firebase:firebase-auth:22.3.0] AndroidManifest.xml:41:17-44:51
224                    android:host="firebase.auth"
224-->[com.google.firebase:firebase-auth:22.3.0] AndroidManifest.xml:42:21-49
225                    android:path="/"
225-->[com.google.firebase:firebase-auth:22.3.0] AndroidManifest.xml:43:21-37
226                    android:scheme="genericidp" />
226-->[com.google.firebase:firebase-auth:22.3.0] AndroidManifest.xml:44:21-48
227            </intent-filter>
228        </activity>
229        <activity
229-->[com.google.firebase:firebase-auth:22.3.0] AndroidManifest.xml:47:9-64:20
230            android:name="com.google.firebase.auth.internal.RecaptchaActivity"
230-->[com.google.firebase:firebase-auth:22.3.0] AndroidManifest.xml:48:13-79
231            android:excludeFromRecents="true"
231-->[com.google.firebase:firebase-auth:22.3.0] AndroidManifest.xml:49:13-46
232            android:exported="true"
232-->[com.google.firebase:firebase-auth:22.3.0] AndroidManifest.xml:50:13-36
233            android:launchMode="singleTask"
233-->[com.google.firebase:firebase-auth:22.3.0] AndroidManifest.xml:51:13-44
234            android:theme="@android:style/Theme.Translucent.NoTitleBar" >
234-->[com.google.firebase:firebase-auth:22.3.0] AndroidManifest.xml:52:13-72
235            <intent-filter>
235-->[com.google.firebase:firebase-auth:22.3.0] AndroidManifest.xml:53:13-63:29
236                <action android:name="android.intent.action.VIEW" />
236-->[com.google.firebase:firebase-auth:22.3.0] AndroidManifest.xml:36:17-69
236-->[com.google.firebase:firebase-auth:22.3.0] AndroidManifest.xml:36:25-66
237
238                <category android:name="android.intent.category.DEFAULT" />
238-->[com.google.firebase:firebase-auth:22.3.0] AndroidManifest.xml:38:17-76
238-->[com.google.firebase:firebase-auth:22.3.0] AndroidManifest.xml:38:27-73
239                <category android:name="android.intent.category.BROWSABLE" />
239-->[com.google.firebase:firebase-auth:22.3.0] AndroidManifest.xml:39:17-78
239-->[com.google.firebase:firebase-auth:22.3.0] AndroidManifest.xml:39:27-75
240
241                <data
241-->[com.google.firebase:firebase-auth:22.3.0] AndroidManifest.xml:41:17-44:51
242                    android:host="firebase.auth"
242-->[com.google.firebase:firebase-auth:22.3.0] AndroidManifest.xml:42:21-49
243                    android:path="/"
243-->[com.google.firebase:firebase-auth:22.3.0] AndroidManifest.xml:43:21-37
244                    android:scheme="recaptcha" />
244-->[com.google.firebase:firebase-auth:22.3.0] AndroidManifest.xml:44:21-48
245            </intent-filter>
246        </activity>
247        <activity
247-->[com.google.android.gms:play-services-base:18.1.0] AndroidManifest.xml:20:9-22:45
248            android:name="com.google.android.gms.common.api.GoogleApiActivity"
248-->[com.google.android.gms:play-services-base:18.1.0] AndroidManifest.xml:20:19-85
249            android:exported="false"
249-->[com.google.android.gms:play-services-base:18.1.0] AndroidManifest.xml:22:19-43
250            android:theme="@android:style/Theme.Translucent.NoTitleBar" />
250-->[com.google.android.gms:play-services-base:18.1.0] AndroidManifest.xml:21:19-78
251
252        <provider
252-->[com.google.firebase:firebase-common:20.4.2] AndroidManifest.xml:23:9-28:39
253            android:name="com.google.firebase.provider.FirebaseInitProvider"
253-->[com.google.firebase:firebase-common:20.4.2] AndroidManifest.xml:24:13-77
254            android:authorities="com.kapda.firebaseinitprovider"
254-->[com.google.firebase:firebase-common:20.4.2] AndroidManifest.xml:25:13-72
255            android:directBootAware="true"
255-->[com.google.firebase:firebase-common:20.4.2] AndroidManifest.xml:26:13-43
256            android:exported="false"
256-->[com.google.firebase:firebase-common:20.4.2] AndroidManifest.xml:27:13-37
257            android:initOrder="100" />
257-->[com.google.firebase:firebase-common:20.4.2] AndroidManifest.xml:28:13-36
258
259        <meta-data